<?xml version="1.0" encoding="UTF-8"?>
<testsuite xmlns:xsi="http://www.w3.org/2001/XMLSchema-instance" xsi:noNamespaceSchemaLocation="https://maven.apache.org/surefire/maven-surefire-plugin/xsd/surefire-test-report-3.0.xsd" version="3.0" name="projektZajavka2.controller.rest.CategoryRestControllerTest" time="4.754" tests="4" errors="0" skipped="0" failures="0">
  <properties>
[...]
</properties>
  <testcase name="testGetAllCategories" classname="projektZajavka2.controller.rest.CategoryRestControllerTest" time="0.416">
    <system-out><![CDATA[2024-10-20T23:31:11.086+02:00  INFO 6496 --- [           main] t.c.s.AnnotationConfigContextLoaderUtils : Could not detect default configuration classes for test class [projektZajavka2.controller.rest.CategoryRestControllerTest]: CategoryRestControllerTest does not declare any static, non-private, non-final, nested classes annotated with @Configuration.
2024-10-20T23:31:11.110+02:00  INFO 6496 --- [           main] .b.t.c.SpringBootTestContextBootstrapper : Found @SpringBootConfiguration projektZajavka2.ProjektZajavka2Application for test class projektZajavka2.controller.rest.CategoryRestControllerTest

  .   ____          _            __ _ _
 /\\ / ___'_ __ _ _(_)_ __  __ _ \ \ \ \
( ( )\___ | '_ | '_| | '_ \/ _` | \ \ \ \
 \\/  ___)| |_)| | | | | || (_| |  ) ) ) )
  '  |____| .__|_| |_|_| |_\__, | / / / /
 =========|_|==============|___/=/_/_/_/

 :: Spring Boot ::                (v3.3.3)

2024-10-20T23:31:11.162+02:00  INFO 6496 --- [           main] p.c.rest.CategoryRestControllerTest      : Starting CategoryRestControllerTest using Java 22.0.1 with PID 6496 (started by L.M in D:\java nauka\projektZajavka2)
2024-10-20T23:31:11.162+02:00  INFO 6496 --- [           main] p.c.rest.CategoryRestControllerTest      : The following 1 profile is active: "test"
2024-10-20T23:31:11.520+02:00  INFO 6496 --- [           main] .s.d.r.c.RepositoryConfigurationDelegate : Bootstrapping Spring Data JPA repositories in DEFAULT mode.
2024-10-20T23:31:11.602+02:00  INFO 6496 --- [           main] .s.d.r.c.RepositoryConfigurationDelegate : Finished Spring Data repository scanning in 73 ms. Found 9 JPA repository interfaces.
2024-10-20T23:31:12.061+02:00  INFO 6496 --- [           main] o.s.b.w.embedded.tomcat.TomcatWebServer  : Tomcat initialized with port 0 (http)
2024-10-20T23:31:12.081+02:00  INFO 6496 --- [           main] o.apache.catalina.core.StandardService   : Starting service [Tomcat]
2024-10-20T23:31:12.082+02:00  INFO 6496 --- [           main] o.apache.catalina.core.StandardEngine    : Starting Servlet engine: [Apache Tomcat/10.1.28]
2024-10-20T23:31:12.182+02:00  INFO 6496 --- [           main] o.a.c.c.C.[Tomcat].[localhost].[/]       : Initializing Spring embedded WebApplicationContext
2024-10-20T23:31:12.183+02:00  INFO 6496 --- [           main] w.s.c.ServletWebServerApplicationContext : Root WebApplicationContext: initialization completed in 1019 ms
2024-10-20T23:31:12.211+02:00  INFO 6496 --- [           main] com.zaxxer.hikari.HikariDataSource       : HikariPool-1 - Starting...
2024-10-20T23:31:12.533+02:00  INFO 6496 --- [           main] com.zaxxer.hikari.pool.HikariPool        : HikariPool-1 - Added connection conn0: url=jdbc:h2:mem:test user=SA
2024-10-20T23:31:12.536+02:00  INFO 6496 --- [           main] com.zaxxer.hikari.HikariDataSource       : HikariPool-1 - Start completed.
2024-10-20T23:31:12.551+02:00  INFO 6496 --- [           main] o.s.b.a.h2.H2ConsoleAutoConfiguration    : H2 console available at '/h2-console'. Database available at 'jdbc:h2:mem:test'
2024-10-20T23:31:12.724+02:00  INFO 6496 --- [           main] o.hibernate.jpa.internal.util.LogHelper  : HHH000204: Processing PersistenceUnitInfo [name: default]
2024-10-20T23:31:12.796+02:00  INFO 6496 --- [           main] org.hibernate.Version                    : HHH000412: Hibernate ORM core version 6.5.2.Final
2024-10-20T23:31:12.842+02:00  INFO 6496 --- [           main] o.h.c.internal.RegionFactoryInitiator    : HHH000026: Second-level cache disabled
2024-10-20T23:31:13.010+02:00  INFO 6496 --- [           main] o.s.o.j.p.SpringPersistenceUnitInfo      : No LoadTimeWeaver setup: ignoring JPA class transformer
2024-10-20T23:31:13.068+02:00  WARN 6496 --- [           main] org.hibernate.orm.deprecation            : HHH90000025: H2Dialect does not need to be specified explicitly using 'hibernate.dialect' (remove the property setting and it will be selected by default)
2024-10-20T23:31:14.158+02:00  INFO 6496 --- [           main] o.h.e.t.j.p.i.JtaPlatformInitiator       : HHH000489: No JTA platform available (set 'hibernate.transaction.jta.platform' to enable JTA platform integration)
2024-10-20T23:31:14.174+02:00 DEBUG 6496 --- [           main] org.hibernate.SQL                        : 
    drop table if exists categories cascade 
Hibernate: 
    drop table if exists categories cascade 
2024-10-20T23:31:14.178+02:00 DEBUG 6496 --- [           main] org.hibernate.SQL                        : 
    drop table if exists delivery_areas cascade 
Hibernate: 
    drop table if exists delivery_areas cascade 
2024-10-20T23:31:14.179+02:00 DEBUG 6496 --- [           main] org.hibernate.SQL                        : 
    drop table if exists menu_item_categories cascade 
Hibernate: 
    drop table if exists menu_item_categories cascade 
2024-10-20T23:31:14.179+02:00 DEBUG 6496 --- [           main] org.hibernate.SQL                        : 
    drop table if exists menu_items cascade 
Hibernate: 
    drop table if exists menu_items cascade 
2024-10-20T23:31:14.179+02:00 DEBUG 6496 --- [           main] org.hibernate.SQL                        : 
    drop table if exists order_items cascade 
Hibernate: 
    drop table if exists order_items cascade 
2024-10-20T23:31:14.179+02:00 DEBUG 6496 --- [           main] org.hibernate.SQL                        : 
    drop table if exists orders cascade 
Hibernate: 
    drop table if exists orders cascade 
2024-10-20T23:31:14.179+02:00 DEBUG 6496 --- [           main] org.hibernate.SQL                        : 
    drop table if exists restaurant_owners cascade 
Hibernate: 
    drop table if exists restaurant_owners cascade 
2024-10-20T23:31:14.180+02:00 DEBUG 6496 --- [           main] org.hibernate.SQL                        : 
    drop table if exists restaurants cascade 
Hibernate: 
    drop table if exists restaurants cascade 
2024-10-20T23:31:14.180+02:00 DEBUG 6496 --- [           main] org.hibernate.SQL                        : 
    drop table if exists roles cascade 
Hibernate: 
    drop table if exists roles cascade 
2024-10-20T23:31:14.180+02:00 DEBUG 6496 --- [           main] org.hibernate.SQL                        : 
    drop table if exists user_roles cascade 
Hibernate: 
    drop table if exists user_roles cascade 
2024-10-20T23:31:14.180+02:00 DEBUG 6496 --- [           main] org.hibernate.SQL                        : 
    drop table if exists users cascade 
Hibernate: 
    drop table if exists users cascade 
2024-10-20T23:31:14.185+02:00 DEBUG 6496 --- [           main] org.hibernate.SQL                        : 
    create table categories (
        id bigint generated by default as identity,
        name varchar(50) not null unique,
        primary key (id)
    )
Hibernate: 
    create table categories (
        id bigint generated by default as identity,
        name varchar(50) not null unique,
        primary key (id)
    )
2024-10-20T23:31:14.195+02:00 DEBUG 6496 --- [           main] org.hibernate.SQL                        : 
    create table delivery_areas (
        id bigint generated by default as identity,
        restaurant_id bigint not null,
        street_name varchar(255),
        primary key (id)
    )
Hibernate: 
    create table delivery_areas (
        id bigint generated by default as identity,
        restaurant_id bigint not null,
        street_name varchar(255),
        primary key (id)
    )
2024-10-20T23:31:14.196+02:00 DEBUG 6496 --- [           main] org.hibernate.SQL                        : 
    create table menu_item_categories (
        category_id bigint not null,
        id bigint generated by default as identity,
        menu_item_id bigint not null,
        primary key (id)
    )
Hibernate: 
    create table menu_item_categories (
        category_id bigint not null,
        id bigint generated by default as identity,
        menu_item_id bigint not null,
        primary key (id)
    )
2024-10-20T23:31:14.198+02:00 DEBUG 6496 --- [           main] org.hibernate.SQL                        : 
    create table menu_items (
        price numeric(10,2) not null,
        created_at timestamp(6),
        id bigint generated by default as identity,
        restaurant_id bigint not null,
        name varchar(100) not null,
        description TEXT,
        image_url varchar(255),
        primary key (id)
    )
Hibernate: 
    create table menu_items (
        price numeric(10,2) not null,
        created_at timestamp(6),
        id bigint generated by default as identity,
        restaurant_id bigint not null,
        name varchar(100) not null,
        description TEXT,
        image_url varchar(255),
        primary key (id)
    )
2024-10-20T23:31:14.199+02:00 DEBUG 6496 --- [           main] org.hibernate.SQL                        : 
    create table order_items (
        price numeric(10,2) not null,
        quantity integer not null,
        id bigint generated by default as identity,
        menu_item_id bigint not null,
        order_id bigint not null,
        primary key (id)
    )
Hibernate: 
    create table order_items (
        price numeric(10,2) not null,
        quantity integer not null,
        id bigint generated by default as identity,
        menu_item_id bigint not null,
        order_id bigint not null,
        primary key (id)
    )
2024-10-20T23:31:14.200+02:00 DEBUG 6496 --- [           main] org.hibernate.SQL                        : 
    create table orders (
        total_price numeric(10,2),
        id bigint generated by default as identity,
        order_date timestamp(6),
        restaurant_id bigint not null,
        user_id bigint not null,
        order_status varchar(50),
        delivery_address varchar(255),
        primary key (id)
    )
Hibernate: 
    create table orders (
        total_price numeric(10,2),
        id bigint generated by default as identity,
        order_date timestamp(6),
        restaurant_id bigint not null,
        user_id bigint not null,
        order_status varchar(50),
        delivery_address varchar(255),
        primary key (id)
    )
2024-10-20T23:31:14.201+02:00 DEBUG 6496 --- [           main] org.hibernate.SQL                        : 
    create table restaurant_owners (
        created_at timestamp(6) not null,
        id bigint generated by default as identity,
        phone_number varchar(15),
        email varchar(100) not null,
        name varchar(100) not null,
        primary key (id)
    )
Hibernate: 
    create table restaurant_owners (
        created_at timestamp(6) not null,
        id bigint generated by default as identity,
        phone_number varchar(15),
        email varchar(100) not null,
        name varchar(100) not null,
        primary key (id)
    )
2024-10-20T23:31:14.202+02:00 DEBUG 6496 --- [           main] org.hibernate.SQL                        : 
    create table restaurants (
        created_at timestamp(6) not null,
        id bigint generated by default as identity,
        owner_id bigint,
        phone_number varchar(15),
        email varchar(100),
        name varchar(100) not null,
        address varchar(255) not null,
        description TEXT,
        primary key (id)
    )
Hibernate: 
    create table restaurants (
        created_at timestamp(6) not null,
        id bigint generated by default as identity,
        owner_id bigint,
        phone_number varchar(15),
        email varchar(100),
        name varchar(100) not null,
        address varchar(255) not null,
        description TEXT,
        primary key (id)
    )
2024-10-20T23:31:14.203+02:00 DEBUG 6496 --- [           main] org.hibernate.SQL                        : 
    create table roles (
        id bigint generated by default as identity,
        name varchar(50) not null unique,
        primary key (id)
    )
Hibernate: 
    create table roles (
        id bigint generated by default as identity,
        name varchar(50) not null unique,
        primary key (id)
    )
2024-10-20T23:31:14.205+02:00 DEBUG 6496 --- [           main] org.hibernate.SQL                        : 
    create table user_roles (
        id bigint generated by default as identity,
        role_id bigint not null,
        user_id bigint not null,
        primary key (id)
    )
Hibernate: 
    create table user_roles (
        id bigint generated by default as identity,
        role_id bigint not null,
        user_id bigint not null,
        primary key (id)
    )
2024-10-20T23:31:14.206+02:00 DEBUG 6496 --- [           main] org.hibernate.SQL                        : 
    create table users (
        created_at timestamp(6) not null,
        id bigint generated by default as identity,
        phone_number varchar(15),
        first_name varchar(50),
        last_name varchar(50),
        username varchar(50) not null unique,
        email varchar(100) not null unique,
        password varchar(100) not null,
        address varchar(255),
        primary key (id)
    )
Hibernate: 
    create table users (
        created_at timestamp(6) not null,
        id bigint generated by default as identity,
        phone_number varchar(15),
        first_name varchar(50),
        last_name varchar(50),
        username varchar(50) not null unique,
        email varchar(100) not null unique,
        password varchar(100) not null,
        address varchar(255),
        primary key (id)
    )
2024-10-20T23:31:14.209+02:00 DEBUG 6496 --- [           main] org.hibernate.SQL                        : 
    alter table if exists delivery_areas 
       add constraint FKm7lqoec37kaa5j2bnfnb6il69 
       foreign key (restaurant_id) 
       references restaurants
Hibernate: 
    alter table if exists delivery_areas 
       add constraint FKm7lqoec37kaa5j2bnfnb6il69 
       foreign key (restaurant_id) 
       references restaurants
2024-10-20T23:31:14.221+02:00 DEBUG 6496 --- [           main] org.hibernate.SQL                        : 
    alter table if exists menu_item_categories 
       add constraint FK6gr2b4s3iadfsgtsln9p07fon 
       foreign key (category_id) 
       references categories
Hibernate: 
    alter table if exists menu_item_categories 
       add constraint FK6gr2b4s3iadfsgtsln9p07fon 
       foreign key (category_id) 
       references categories
2024-10-20T23:31:14.222+02:00 DEBUG 6496 --- [           main] org.hibernate.SQL                        : 
    alter table if exists menu_item_categories 
       add constraint FK9nilucarxihv4wa9vjstm9quq 
       foreign key (menu_item_id) 
       references menu_items
Hibernate: 
    alter table if exists menu_item_categories 
       add constraint FK9nilucarxihv4wa9vjstm9quq 
       foreign key (menu_item_id) 
       references menu_items
2024-10-20T23:31:14.224+02:00 DEBUG 6496 --- [           main] org.hibernate.SQL                        : 
    alter table if exists menu_items 
       add constraint FKhaqtoboitpl0n541y0sc753my 
       foreign key (restaurant_id) 
       references restaurants
Hibernate: 
    alter table if exists menu_items 
       add constraint FKhaqtoboitpl0n541y0sc753my 
       foreign key (restaurant_id) 
       references restaurants
2024-10-20T23:31:14.225+02:00 DEBUG 6496 --- [           main] org.hibernate.SQL                        : 
    alter table if exists order_items 
       add constraint FKdtfg1f49yr5yye2fpl2xid2xo 
       foreign key (menu_item_id) 
       references menu_items
Hibernate: 
    alter table if exists order_items 
       add constraint FKdtfg1f49yr5yye2fpl2xid2xo 
       foreign key (menu_item_id) 
       references menu_items
2024-10-20T23:31:14.226+02:00 DEBUG 6496 --- [           main] org.hibernate.SQL                        : 
    alter table if exists order_items 
       add constraint FKbioxgbv59vetrxe0ejfubep1w 
       foreign key (order_id) 
       references orders
Hibernate: 
    alter table if exists order_items 
       add constraint FKbioxgbv59vetrxe0ejfubep1w 
       foreign key (order_id) 
       references orders
2024-10-20T23:31:14.227+02:00 DEBUG 6496 --- [           main] org.hibernate.SQL                        : 
    alter table if exists orders 
       add constraint FK2m9qulf12xm537bku3jnrrbup 
       foreign key (restaurant_id) 
       references restaurants
Hibernate: 
    alter table if exists orders 
       add constraint FK2m9qulf12xm537bku3jnrrbup 
       foreign key (restaurant_id) 
       references restaurants
2024-10-20T23:31:14.229+02:00 DEBUG 6496 --- [           main] org.hibernate.SQL                        : 
    alter table if exists orders 
       add constraint FK32ql8ubntj5uh44ph9659tiih 
       foreign key (user_id) 
       references users
Hibernate: 
    alter table if exists orders 
       add constraint FK32ql8ubntj5uh44ph9659tiih 
       foreign key (user_id) 
       references users
2024-10-20T23:31:14.230+02:00 DEBUG 6496 --- [           main] org.hibernate.SQL                        : 
    alter table if exists restaurants 
       add constraint FKm3p0u8w6vv8wps5a1inobchks 
       foreign key (owner_id) 
       references restaurant_owners
Hibernate: 
    alter table if exists restaurants 
       add constraint FKm3p0u8w6vv8wps5a1inobchks 
       foreign key (owner_id) 
       references restaurant_owners
2024-10-20T23:31:14.231+02:00 DEBUG 6496 --- [           main] org.hibernate.SQL                        : 
    alter table if exists user_roles 
       add constraint FKh8ciramu9cc9q3qcqiv4ue8a6 
       foreign key (role_id) 
       references roles
Hibernate: 
    alter table if exists user_roles 
       add constraint FKh8ciramu9cc9q3qcqiv4ue8a6 
       foreign key (role_id) 
       references roles
2024-10-20T23:31:14.232+02:00 DEBUG 6496 --- [           main] org.hibernate.SQL                        : 
    alter table if exists user_roles 
       add constraint FKhfh9dx7w3ubf1co1vdev94g3f 
       foreign key (user_id) 
       references users
Hibernate: 
    alter table if exists user_roles 
       add constraint FKhfh9dx7w3ubf1co1vdev94g3f 
       foreign key (user_id) 
       references users
2024-10-20T23:31:14.237+02:00  INFO 6496 --- [           main] j.LocalContainerEntityManagerFactoryBean : Initialized JPA EntityManagerFactory for persistence unit 'default'
2024-10-20T23:31:14.810+02:00  WARN 6496 --- [           main] JpaBaseConfiguration$JpaWebConfiguration : spring.jpa.open-in-view is enabled by default. Therefore, database queries may be performed during view rendering. Explicitly configure spring.jpa.open-in-view to disable this warning
2024-10-20T23:31:14.817+02:00  WARN 6496 --- [           main] r$InitializeUserDetailsManagerConfigurer : Found 2 UserDetailsService beans, with names [customUserDetailsService, userDetailsServiceImpl]. Global Authentication Manager will not use a UserDetailsService for username/password login. Consider publishing a single UserDetailsService bean.
2024-10-20T23:31:15.032+02:00  INFO 6496 --- [           main] o.a.c.c.C.[Tomcat].[localhost].[/]       : Initializing Spring TestDispatcherServlet ''
2024-10-20T23:31:15.033+02:00  INFO 6496 --- [           main] o.s.t.web.servlet.TestDispatcherServlet  : Initializing Servlet ''
2024-10-20T23:31:15.033+02:00  INFO 6496 --- [           main] o.s.t.web.servlet.TestDispatcherServlet  : Completed initialization in 0 ms
2024-10-20T23:31:15.255+02:00  INFO 6496 --- [           main] o.s.b.w.embedded.tomcat.TomcatWebServer  : Tomcat started on port 58065 (http) with context path '/'
2024-10-20T23:31:15.260+02:00  INFO 6496 --- [           main] p.c.rest.CategoryRestControllerTest      : Started CategoryRestControllerTest in 4.141 seconds (process running for 13.862)
2024-10-20T23:31:15.448+02:00 DEBUG 6496 --- [           main] org.hibernate.SQL                        : 
    insert 
    into
        categories
        (name, id) 
    values
        (?, default)
Hibernate: 
    insert 
    into
        categories
        (name, id) 
    values
        (?, default)
Category(id=1, name=Test Category, menuItems=[])
2024-10-20T23:31:15.599+02:00 DEBUG 6496 --- [           main] org.hibernate.SQL                        : 
    select
        c1_0.id,
        c1_0.name 
    from
        categories c1_0
Hibernate: 
    select
        c1_0.id,
        c1_0.name 
    from
        categories c1_0
2024-10-20T23:31:15.602+02:00  INFO 6496 --- [           main] p.service.CategoryService                : Retrieved categories: [Category(id=1, name=Test Category, menuItems=[])]
]]></system-out>
  </testcase>
  <testcase name="testUpdateCategory" classname="projektZajavka2.controller.rest.CategoryRestControllerTest" time="0.071">
    <system-out><![CDATA[2024-10-20T23:31:15.687+02:00 DEBUG 6496 --- [           main] org.hibernate.SQL                        : 
    insert 
    into
        categories
        (name, id) 
    values
        (?, default)
Hibernate: 
    insert 
    into
        categories
        (name, id) 
    values
        (?, default)
Category(id=2, name=Test Category, menuItems=[])
]]></system-out>
  </testcase>
  <testcase name="testDeleteCategory" classname="projektZajavka2.controller.rest.CategoryRestControllerTest" time="0.025">
    <system-out><![CDATA[2024-10-20T23:31:15.763+02:00 DEBUG 6496 --- [           main] org.hibernate.SQL                        : 
    insert 
    into
        categories
        (name, id) 
    values
        (?, default)
Hibernate: 
    insert 
    into
        categories
        (name, id) 
    values
        (?, default)
Category(id=3, name=Test Category, menuItems=[])

MockHttpServletRequest:
      HTTP Method = DELETE
      Request URI = /api/categories/3
       Parameters = {_csrf=[iUobTpf_KMFFnFyYxX9GvuTOYKdhq9vDnmCMTWcB5QZM5DtGuH19L_OeGvBorT-h9VJyiNKoTcUHme3uqlLqewRj0jAohgN_]}
          Headers = []
             Body = null
    Session Attrs = {SPRING_SECURITY_CONTEXT=SecurityContextImpl [Authentication=UsernamePasswordAuthenticationToken [Principal=org.springframework.security.core.userdetails.User [Username=admin, Password=[PROTECTED], Enabled=true, AccountNonExpired=true, CredentialsNonExpired=true, AccountNonLocked=true, Granted Authorities=[ROLE_ADMIN]], Credentials=[PROTECTED], Authenticated=true, Details=null, Granted Authorities=[ROLE_ADMIN]]]}

Handler:
             Type = projektZajavka2.controller.rest.CategoryRestController
           Method = projektZajavka2.controller.rest.CategoryRestController#deleteCategory(Long)

Async:
    Async started = false
     Async result = null

Resolved Exception:
             Type = null

ModelAndView:
        View name = null
             View = null
            Model = null

FlashMap:
       Attributes = null

MockHttpServletResponse:
           Status = 204
    Error message = null
          Headers = [X-Content-Type-Options:"nosniff", X-XSS-Protection:"0", Cache-Control:"no-cache, no-store, max-age=0, must-revalidate", Pragma:"no-cache", Expires:"0", X-Frame-Options:"DENY"]
     Content type = null
             Body = 
    Forwarded URL = null
   Redirected URL = null
          Cookies = []
2024-10-20T23:31:15.778+02:00 DEBUG 6496 --- [           main] org.hibernate.SQL                        : 
    delete 
    from
        categories 
    where
        id=?
Hibernate: 
    delete 
    from
        categories 
    where
        id=?
2024-10-20T23:31:15.781+02:00 DEBUG 6496 --- [           main] org.hibernate.SQL                        : 
    select
        c1_0.id,
        c1_0.name 
    from
        categories c1_0
Hibernate: 
    select
        c1_0.id,
        c1_0.name 
    from
        categories c1_0
2024-10-20T23:31:15.782+02:00  INFO 6496 --- [           main] p.service.CategoryService                : Retrieved categories: []
]]></system-out>
  </testcase>
  <testcase name="testCreateAndGetCategory" classname="projektZajavka2.controller.rest.CategoryRestControllerTest" time="0.048">
    <system-out><![CDATA[2024-10-20T23:31:15.789+02:00 DEBUG 6496 --- [           main] org.hibernate.SQL                        : 
    insert 
    into
        categories
        (name, id) 
    values
        (?, default)
Hibernate: 
    insert 
    into
        categories
        (name, id) 
    values
        (?, default)
Category(id=4, name=Test Category, menuItems=[])
2024-10-20T23:31:15.795+02:00 DEBUG 6496 --- [           main] org.hibernate.SQL                        : 
    insert 
    into
        restaurants
        (address, created_at, description, email, name, owner_id, phone_number, id) 
    values
        (?, ?, ?, ?, ?, ?, ?, default)
Hibernate: 
    insert 
    into
        restaurants
        (address, created_at, description, email, name, owner_id, phone_number, id) 
    values
        (?, ?, ?, ?, ?, ?, ?, default)
2024-10-20T23:31:15.798+02:00 DEBUG 6496 --- [           main] org.hibernate.SQL                        : 
    insert 
    into
        categories
        (name, id) 
    values
        (?, default)
Hibernate: 
    insert 
    into
        categories
        (name, id) 
    values
        (?, default)
2024-10-20T23:31:15.801+02:00 DEBUG 6496 --- [           main] org.hibernate.SQL                        : 
    insert 
    into
        menu_items
        (created_at, description, image_url, name, price, restaurant_id, id) 
    values
        (?, ?, ?, ?, ?, ?, default)
Hibernate: 
    insert 
    into
        menu_items
        (created_at, description, image_url, name, price, restaurant_id, id) 
    values
        (?, ?, ?, ?, ?, ?, default)
ID nowej kategorii: 5, Nazwa: New Category
2024-10-20T23:31:15.812+02:00 DEBUG 6496 --- [           main] org.hibernate.SQL                        : 
    select
        c1_0.id,
        c1_0.name 
    from
        categories c1_0
Hibernate: 
    select
        c1_0.id,
        c1_0.name 
    from
        categories c1_0
2024-10-20T23:31:15.813+02:00  INFO 6496 --- [           main] p.service.CategoryService                : Retrieved categories: [Category(id=5, name=New Category, menuItems=[]), Category(id=4, name=Test Category, menuItems=[])]
]]></system-out>
  </testcase>
</testsuite>