<?xml version="1.0" encoding="UTF-8"?>
<testsuite xmlns:xsi="http://www.w3.org/2001/XMLSchema-instance" xsi:noNamespaceSchemaLocation="https://maven.apache.org/surefire/maven-surefire-plugin/xsd/surefire-test-report-3.0.xsd" version="3.0" name="projektZajavka2.controller.rest.RestaurantRestControllerTest" time="0.166" tests="10" errors="0" skipped="0" failures="0">
  <properties>
[...]
</properties>
  <testcase name="shouldCreateNewRestaurant" classname="projektZajavka2.controller.rest.RestaurantRestControllerTest" time="0.027">
    <system-out><![CDATA[2024-10-20T23:31:18.683+02:00  INFO 6496 --- [           main] t.c.s.AnnotationConfigContextLoaderUtils : Could not detect default configuration classes for test class [projektZajavka2.controller.rest.RestaurantRestControllerTest]: RestaurantRestControllerTest does not declare any static, non-private, non-final, nested classes annotated with @Configuration.
2024-10-20T23:31:18.685+02:00  INFO 6496 --- [           main] .b.t.c.SpringBootTestContextBootstrapper : Found @SpringBootConfiguration projektZajavka2.ProjektZajavka2Application for test class projektZajavka2.controller.rest.RestaurantRestControllerTest
2024-10-20T23:31:18.699+02:00 DEBUG 6496 --- [           main] org.hibernate.SQL                        : 
    insert 
    into
        restaurant_owners
        (created_at, email, name, phone_number, id) 
    values
        (?, ?, ?, ?, default)
Hibernate: 
    insert 
    into
        restaurant_owners
        (created_at, email, name, phone_number, id) 
    values
        (?, ?, ?, ?, default)
owner: RestaurantOwner(id=3, name=Jakis Właściciel, email=właściciel@example.com, phoneNumber=+123456789, restaurants=[], createdAt=2024-10-20T23:31:18.698056200)
2024-10-20T23:31:18.701+02:00 DEBUG 6496 --- [           main] org.hibernate.SQL                        : 
    insert 
    into
        restaurants
        (address, created_at, description, email, name, owner_id, phone_number, id) 
    values
        (?, ?, ?, ?, ?, ?, ?, default)
Hibernate: 
    insert 
    into
        restaurants
        (address, created_at, description, email, name, owner_id, phone_number, id) 
    values
        (?, ?, ?, ?, ?, ?, ?, default)
Restauracja zapisana: Restaurant(id=1, owner=RestaurantOwner(id=3, name=Jakis Właściciel, email=właściciel@example.com, phoneNumber=+123456789, restaurants=[], createdAt=2024-10-20T23:31:18.698056200), name=Nowa Restauracja, address=Ulica 123, Miasto, phoneNumber=+1234567890, email=nowa@restauracja.com, description=null, createdAt=2024-10-20T23:31:18.701059500, menuItems=[])
2024-10-20T23:31:18.703+02:00 DEBUG 6496 --- [           main] org.hibernate.SQL                        : 
    insert 
    into
        restaurant_owners
        (created_at, email, name, phone_number, id) 
    values
        (?, ?, ?, ?, default)
Hibernate: 
    insert 
    into
        restaurant_owners
        (created_at, email, name, phone_number, id) 
    values
        (?, ?, ?, ?, default)
Nowy owner: RestaurantOwner(id=4, name=Nowy Właściciel, email=nowywłaściciel@example.com, phoneNumber=+1234567891, restaurants=[], createdAt=2024-10-20T23:31:18.702058700)
2024-10-20T23:31:18.717+02:00 DEBUG 6496 --- [           main] org.hibernate.SQL                        : 
    insert 
    into
        restaurants
        (address, created_at, description, email, name, owner_id, phone_number, id) 
    values
        (?, ?, ?, ?, ?, ?, ?, default)
Hibernate: 
    insert 
    into
        restaurants
        (address, created_at, description, email, name, owner_id, phone_number, id) 
    values
        (?, ?, ?, ?, ?, ?, ?, default)
]]></system-out>
  </testcase>
  <testcase name="powinnoZwracac404DlaNieistniejacejRestauracji" classname="projektZajavka2.controller.rest.RestaurantRestControllerTest" time="0.014">
    <system-out><![CDATA[2024-10-20T23:31:18.730+02:00 DEBUG 6496 --- [           main] org.hibernate.SQL                        : 
    insert 
    into
        restaurant_owners
        (created_at, email, name, phone_number, id) 
    values
        (?, ?, ?, ?, default)
Hibernate: 
    insert 
    into
        restaurant_owners
        (created_at, email, name, phone_number, id) 
    values
        (?, ?, ?, ?, default)
owner: RestaurantOwner(id=5, name=Jakis Właściciel, email=właściciel@example.com, phoneNumber=+123456789, restaurants=[], createdAt=2024-10-20T23:31:18.729894900)
2024-10-20T23:31:18.732+02:00 DEBUG 6496 --- [           main] org.hibernate.SQL                        : 
    insert 
    into
        restaurants
        (address, created_at, description, email, name, owner_id, phone_number, id) 
    values
        (?, ?, ?, ?, ?, ?, ?, default)
Hibernate: 
    insert 
    into
        restaurants
        (address, created_at, description, email, name, owner_id, phone_number, id) 
    values
        (?, ?, ?, ?, ?, ?, ?, default)
Restauracja zapisana: Restaurant(id=3, owner=RestaurantOwner(id=5, name=Jakis Właściciel, email=właściciel@example.com, phoneNumber=+123456789, restaurants=[], createdAt=2024-10-20T23:31:18.729894900), name=Nowa Restauracja, address=Ulica 123, Miasto, phoneNumber=+1234567890, email=nowa@restauracja.com, description=null, createdAt=2024-10-20T23:31:18.731889, menuItems=[])
2024-10-20T23:31:18.737+02:00 DEBUG 6496 --- [           main] org.hibernate.SQL                        : 
    select
        r1_0.id,
        r1_0.address,
        r1_0.created_at,
        r1_0.description,
        r1_0.email,
        r1_0.name,
        o1_0.id,
        o1_0.created_at,
        o1_0.email,
        o1_0.name,
        o1_0.phone_number,
        r1_0.phone_number 
    from
        restaurants r1_0 
    left join
        restaurant_owners o1_0 
            on o1_0.id=r1_0.owner_id 
    where
        r1_0.id=?
Hibernate: 
    select
        r1_0.id,
        r1_0.address,
        r1_0.created_at,
        r1_0.description,
        r1_0.email,
        r1_0.name,
        o1_0.id,
        o1_0.created_at,
        o1_0.email,
        o1_0.name,
        o1_0.phone_number,
        r1_0.phone_number 
    from
        restaurants r1_0 
    left join
        restaurant_owners o1_0 
            on o1_0.id=r1_0.owner_id 
    where
        r1_0.id=?
]]></system-out>
  </testcase>
  <testcase name="powinnoZwrocicRestauracjePoOwnerId" classname="projektZajavka2.controller.rest.RestaurantRestControllerTest" time="0.017">
    <system-out><![CDATA[2024-10-20T23:31:18.747+02:00 DEBUG 6496 --- [           main] org.hibernate.SQL                        : 
    insert 
    into
        restaurant_owners
        (created_at, email, name, phone_number, id) 
    values
        (?, ?, ?, ?, default)
Hibernate: 
    insert 
    into
        restaurant_owners
        (created_at, email, name, phone_number, id) 
    values
        (?, ?, ?, ?, default)
owner: RestaurantOwner(id=6, name=Jakis Właściciel, email=właściciel@example.com, phoneNumber=+123456789, restaurants=[], createdAt=2024-10-20T23:31:18.746887300)
2024-10-20T23:31:18.748+02:00 DEBUG 6496 --- [           main] org.hibernate.SQL                        : 
    insert 
    into
        restaurants
        (address, created_at, description, email, name, owner_id, phone_number, id) 
    values
        (?, ?, ?, ?, ?, ?, ?, default)
Hibernate: 
    insert 
    into
        restaurants
        (address, created_at, description, email, name, owner_id, phone_number, id) 
    values
        (?, ?, ?, ?, ?, ?, ?, default)
Restauracja zapisana: Restaurant(id=4, owner=RestaurantOwner(id=6, name=Jakis Właściciel, email=właściciel@example.com, phoneNumber=+123456789, restaurants=[], createdAt=2024-10-20T23:31:18.746887300), name=Nowa Restauracja, address=Ulica 123, Miasto, phoneNumber=+1234567890, email=nowa@restauracja.com, description=null, createdAt=2024-10-20T23:31:18.748891100, menuItems=[])
2024-10-20T23:31:18.754+02:00 DEBUG 6496 --- [           main] org.hibernate.SQL                        : 
    select
        r1_0.id,
        r1_0.address,
        r1_0.created_at,
        r1_0.description,
        r1_0.email,
        r1_0.name,
        r1_0.owner_id,
        r1_0.phone_number 
    from
        restaurants r1_0 
    where
        r1_0.owner_id=?
Hibernate: 
    select
        r1_0.id,
        r1_0.address,
        r1_0.created_at,
        r1_0.description,
        r1_0.email,
        r1_0.name,
        r1_0.owner_id,
        r1_0.phone_number 
    from
        restaurants r1_0 
    where
        r1_0.owner_id=?
]]></system-out>
  </testcase>
  <testcase name="shouldUpdateExistingRestaurant" classname="projektZajavka2.controller.rest.RestaurantRestControllerTest" time="0.012">
    <system-out><![CDATA[2024-10-20T23:31:18.764+02:00 DEBUG 6496 --- [           main] org.hibernate.SQL                        : 
    insert 
    into
        restaurant_owners
        (created_at, email, name, phone_number, id) 
    values
        (?, ?, ?, ?, default)
Hibernate: 
    insert 
    into
        restaurant_owners
        (created_at, email, name, phone_number, id) 
    values
        (?, ?, ?, ?, default)
owner: RestaurantOwner(id=7, name=Jakis Właściciel, email=właściciel@example.com, phoneNumber=+123456789, restaurants=[], createdAt=2024-10-20T23:31:18.763894)
2024-10-20T23:31:18.766+02:00 DEBUG 6496 --- [           main] org.hibernate.SQL                        : 
    insert 
    into
        restaurants
        (address, created_at, description, email, name, owner_id, phone_number, id) 
    values
        (?, ?, ?, ?, ?, ?, ?, default)
Hibernate: 
    insert 
    into
        restaurants
        (address, created_at, description, email, name, owner_id, phone_number, id) 
    values
        (?, ?, ?, ?, ?, ?, ?, default)
Restauracja zapisana: Restaurant(id=5, owner=RestaurantOwner(id=7, name=Jakis Właściciel, email=właściciel@example.com, phoneNumber=+123456789, restaurants=[], createdAt=2024-10-20T23:31:18.763894), name=Nowa Restauracja, address=Ulica 123, Miasto, phoneNumber=+1234567890, email=nowa@restauracja.com, description=null, createdAt=2024-10-20T23:31:18.765888400, menuItems=[])
]]></system-out>
  </testcase>
  <testcase name="shouldDeleteRestaurantWhenIdExists" classname="projektZajavka2.controller.rest.RestaurantRestControllerTest" time="0.012">
    <system-out><![CDATA[2024-10-20T23:31:18.777+02:00 DEBUG 6496 --- [           main] org.hibernate.SQL                        : 
    insert 
    into
        restaurant_owners
        (created_at, email, name, phone_number, id) 
    values
        (?, ?, ?, ?, default)
Hibernate: 
    insert 
    into
        restaurant_owners
        (created_at, email, name, phone_number, id) 
    values
        (?, ?, ?, ?, default)
owner: RestaurantOwner(id=8, name=Jakis Właściciel, email=właściciel@example.com, phoneNumber=+123456789, restaurants=[], createdAt=2024-10-20T23:31:18.776886900)
2024-10-20T23:31:18.778+02:00 DEBUG 6496 --- [           main] org.hibernate.SQL                        : 
    insert 
    into
        restaurants
        (address, created_at, description, email, name, owner_id, phone_number, id) 
    values
        (?, ?, ?, ?, ?, ?, ?, default)
Hibernate: 
    insert 
    into
        restaurants
        (address, created_at, description, email, name, owner_id, phone_number, id) 
    values
        (?, ?, ?, ?, ?, ?, ?, default)
Restauracja zapisana: Restaurant(id=6, owner=RestaurantOwner(id=8, name=Jakis Właściciel, email=właściciel@example.com, phoneNumber=+123456789, restaurants=[], createdAt=2024-10-20T23:31:18.776886900), name=Nowa Restauracja, address=Ulica 123, Miasto, phoneNumber=+1234567890, email=nowa@restauracja.com, description=null, createdAt=2024-10-20T23:31:18.778892700, menuItems=[])
]]></system-out>
  </testcase>
  <testcase name="shouldReturnRestaurantWhenIdExists" classname="projektZajavka2.controller.rest.RestaurantRestControllerTest" time="0.011">
    <system-out><![CDATA[2024-10-20T23:31:18.790+02:00 DEBUG 6496 --- [           main] org.hibernate.SQL                        : 
    insert 
    into
        restaurant_owners
        (created_at, email, name, phone_number, id) 
    values
        (?, ?, ?, ?, default)
Hibernate: 
    insert 
    into
        restaurant_owners
        (created_at, email, name, phone_number, id) 
    values
        (?, ?, ?, ?, default)
owner: RestaurantOwner(id=9, name=Jakis Właściciel, email=właściciel@example.com, phoneNumber=+123456789, restaurants=[], createdAt=2024-10-20T23:31:18.789887200)
2024-10-20T23:31:18.792+02:00 DEBUG 6496 --- [           main] org.hibernate.SQL                        : 
    insert 
    into
        restaurants
        (address, created_at, description, email, name, owner_id, phone_number, id) 
    values
        (?, ?, ?, ?, ?, ?, ?, default)
Hibernate: 
    insert 
    into
        restaurants
        (address, created_at, description, email, name, owner_id, phone_number, id) 
    values
        (?, ?, ?, ?, ?, ?, ?, default)
Restauracja zapisana: Restaurant(id=7, owner=RestaurantOwner(id=9, name=Jakis Właściciel, email=właściciel@example.com, phoneNumber=+123456789, restaurants=[], createdAt=2024-10-20T23:31:18.789887200), name=Nowa Restauracja, address=Ulica 123, Miasto, phoneNumber=+1234567890, email=nowa@restauracja.com, description=null, createdAt=2024-10-20T23:31:18.791889800, menuItems=[])
]]></system-out>
  </testcase>
  <testcase name="shouldReturnNotFoundWhenDeletingNonExistingRestaurant" classname="projektZajavka2.controller.rest.RestaurantRestControllerTest" time="0.009">
    <system-out><![CDATA[2024-10-20T23:31:18.801+02:00 DEBUG 6496 --- [           main] org.hibernate.SQL                        : 
    insert 
    into
        restaurant_owners
        (created_at, email, name, phone_number, id) 
    values
        (?, ?, ?, ?, default)
Hibernate: 
    insert 
    into
        restaurant_owners
        (created_at, email, name, phone_number, id) 
    values
        (?, ?, ?, ?, default)
owner: RestaurantOwner(id=10, name=Jakis Właściciel, email=właściciel@example.com, phoneNumber=+123456789, restaurants=[], createdAt=2024-10-20T23:31:18.801888800)
2024-10-20T23:31:18.803+02:00 DEBUG 6496 --- [           main] org.hibernate.SQL                        : 
    insert 
    into
        restaurants
        (address, created_at, description, email, name, owner_id, phone_number, id) 
    values
        (?, ?, ?, ?, ?, ?, ?, default)
Hibernate: 
    insert 
    into
        restaurants
        (address, created_at, description, email, name, owner_id, phone_number, id) 
    values
        (?, ?, ?, ?, ?, ?, ?, default)
Restauracja zapisana: Restaurant(id=8, owner=RestaurantOwner(id=10, name=Jakis Właściciel, email=właściciel@example.com, phoneNumber=+123456789, restaurants=[], createdAt=2024-10-20T23:31:18.801888800), name=Nowa Restauracja, address=Ulica 123, Miasto, phoneNumber=+1234567890, email=nowa@restauracja.com, description=null, createdAt=2024-10-20T23:31:18.802887400, menuItems=[])
2024-10-20T23:31:18.806+02:00 DEBUG 6496 --- [           main] org.hibernate.SQL                        : 
    select
        r1_0.id,
        r1_0.address,
        r1_0.created_at,
        r1_0.description,
        r1_0.email,
        r1_0.name,
        o1_0.id,
        o1_0.created_at,
        o1_0.email,
        o1_0.name,
        o1_0.phone_number,
        r1_0.phone_number 
    from
        restaurants r1_0 
    left join
        restaurant_owners o1_0 
            on o1_0.id=r1_0.owner_id 
    where
        r1_0.id=?
Hibernate: 
    select
        r1_0.id,
        r1_0.address,
        r1_0.created_at,
        r1_0.description,
        r1_0.email,
        r1_0.name,
        o1_0.id,
        o1_0.created_at,
        o1_0.email,
        o1_0.name,
        o1_0.phone_number,
        r1_0.phone_number 
    from
        restaurants r1_0 
    left join
        restaurant_owners o1_0 
            on o1_0.id=r1_0.owner_id 
    where
        r1_0.id=?
]]></system-out>
  </testcase>
  <testcase name="powinnoZwrocicRestauracjePoId" classname="projektZajavka2.controller.rest.RestaurantRestControllerTest" time="0.011">
    <system-out><![CDATA[2024-10-20T23:31:18.812+02:00 DEBUG 6496 --- [           main] org.hibernate.SQL                        : 
    insert 
    into
        restaurant_owners
        (created_at, email, name, phone_number, id) 
    values
        (?, ?, ?, ?, default)
Hibernate: 
    insert 
    into
        restaurant_owners
        (created_at, email, name, phone_number, id) 
    values
        (?, ?, ?, ?, default)
owner: RestaurantOwner(id=11, name=Jakis Właściciel, email=właściciel@example.com, phoneNumber=+123456789, restaurants=[], createdAt=2024-10-20T23:31:18.812888800)
2024-10-20T23:31:18.814+02:00 DEBUG 6496 --- [           main] org.hibernate.SQL                        : 
    insert 
    into
        restaurants
        (address, created_at, description, email, name, owner_id, phone_number, id) 
    values
        (?, ?, ?, ?, ?, ?, ?, default)
Hibernate: 
    insert 
    into
        restaurants
        (address, created_at, description, email, name, owner_id, phone_number, id) 
    values
        (?, ?, ?, ?, ?, ?, ?, default)
Restauracja zapisana: Restaurant(id=9, owner=RestaurantOwner(id=11, name=Jakis Właściciel, email=właściciel@example.com, phoneNumber=+123456789, restaurants=[], createdAt=2024-10-20T23:31:18.812888800), name=Nowa Restauracja, address=Ulica 123, Miasto, phoneNumber=+1234567890, email=nowa@restauracja.com, description=null, createdAt=2024-10-20T23:31:18.813891, menuItems=[])
]]></system-out>
  </testcase>
  <testcase name="shouldReturnNotFoundWhenUpdatingNonExistingRestaurant" classname="projektZajavka2.controller.rest.RestaurantRestControllerTest" time="0.013">
    <system-out><![CDATA[2024-10-20T23:31:18.823+02:00 DEBUG 6496 --- [           main] org.hibernate.SQL                        : 
    insert 
    into
        restaurant_owners
        (created_at, email, name, phone_number, id) 
    values
        (?, ?, ?, ?, default)
Hibernate: 
    insert 
    into
        restaurant_owners
        (created_at, email, name, phone_number, id) 
    values
        (?, ?, ?, ?, default)
owner: RestaurantOwner(id=12, name=Jakis Właściciel, email=właściciel@example.com, phoneNumber=+123456789, restaurants=[], createdAt=2024-10-20T23:31:18.822888700)
2024-10-20T23:31:18.825+02:00 DEBUG 6496 --- [           main] org.hibernate.SQL                        : 
    insert 
    into
        restaurants
        (address, created_at, description, email, name, owner_id, phone_number, id) 
    values
        (?, ?, ?, ?, ?, ?, ?, default)
Hibernate: 
    insert 
    into
        restaurants
        (address, created_at, description, email, name, owner_id, phone_number, id) 
    values
        (?, ?, ?, ?, ?, ?, ?, default)
Restauracja zapisana: Restaurant(id=10, owner=RestaurantOwner(id=12, name=Jakis Właściciel, email=właściciel@example.com, phoneNumber=+123456789, restaurants=[], createdAt=2024-10-20T23:31:18.822888700), name=Nowa Restauracja, address=Ulica 123, Miasto, phoneNumber=+1234567890, email=nowa@restauracja.com, description=null, createdAt=2024-10-20T23:31:18.825887800, menuItems=[])
2024-10-20T23:31:18.831+02:00 DEBUG 6496 --- [           main] org.hibernate.SQL                        : 
    select
        r1_0.id,
        r1_0.address,
        r1_0.created_at,
        r1_0.description,
        r1_0.email,
        r1_0.name,
        o1_0.id,
        o1_0.created_at,
        o1_0.email,
        o1_0.name,
        o1_0.phone_number,
        r1_0.phone_number 
    from
        restaurants r1_0 
    left join
        restaurant_owners o1_0 
            on o1_0.id=r1_0.owner_id 
    where
        r1_0.id=?
Hibernate: 
    select
        r1_0.id,
        r1_0.address,
        r1_0.created_at,
        r1_0.description,
        r1_0.email,
        r1_0.name,
        o1_0.id,
        o1_0.created_at,
        o1_0.email,
        o1_0.name,
        o1_0.phone_number,
        r1_0.phone_number 
    from
        restaurants r1_0 
    left join
        restaurant_owners o1_0 
            on o1_0.id=r1_0.owner_id 
    where
        r1_0.id=?
]]></system-out>
  </testcase>
  <testcase name="powinnoZwrocicWszystkieRestauracje" classname="projektZajavka2.controller.rest.RestaurantRestControllerTest" time="0.012">
    <system-out><![CDATA[2024-10-20T23:31:18.837+02:00 DEBUG 6496 --- [           main] org.hibernate.SQL                        : 
    insert 
    into
        restaurant_owners
        (created_at, email, name, phone_number, id) 
    values
        (?, ?, ?, ?, default)
Hibernate: 
    insert 
    into
        restaurant_owners
        (created_at, email, name, phone_number, id) 
    values
        (?, ?, ?, ?, default)
owner: RestaurantOwner(id=13, name=Jakis Właściciel, email=właściciel@example.com, phoneNumber=+123456789, restaurants=[], createdAt=2024-10-20T23:31:18.836889300)
2024-10-20T23:31:18.838+02:00 DEBUG 6496 --- [           main] org.hibernate.SQL                        : 
    insert 
    into
        restaurants
        (address, created_at, description, email, name, owner_id, phone_number, id) 
    values
        (?, ?, ?, ?, ?, ?, ?, default)
Hibernate: 
    insert 
    into
        restaurants
        (address, created_at, description, email, name, owner_id, phone_number, id) 
    values
        (?, ?, ?, ?, ?, ?, ?, default)
Restauracja zapisana: Restaurant(id=11, owner=RestaurantOwner(id=13, name=Jakis Właściciel, email=właściciel@example.com, phoneNumber=+123456789, restaurants=[], createdAt=2024-10-20T23:31:18.836889300), name=Nowa Restauracja, address=Ulica 123, Miasto, phoneNumber=+1234567890, email=nowa@restauracja.com, description=null, createdAt=2024-10-20T23:31:18.838890900, menuItems=[])
2024-10-20T23:31:18.843+02:00 DEBUG 6496 --- [           main] org.hibernate.SQL                        : 
    select
        r1_0.id,
        r1_0.address,
        r1_0.created_at,
        r1_0.description,
        r1_0.email,
        r1_0.name,
        r1_0.owner_id,
        r1_0.phone_number 
    from
        restaurants r1_0
Hibernate: 
    select
        r1_0.id,
        r1_0.address,
        r1_0.created_at,
        r1_0.description,
        r1_0.email,
        r1_0.name,
        r1_0.owner_id,
        r1_0.phone_number 
    from
        restaurants r1_0
]]></system-out>
  </testcase>
</testsuite>