<?xml version="1.0" encoding="UTF-8"?>
<testsuite xmlns:xsi="http://www.w3.org/2001/XMLSchema-instance" xsi:noNamespaceSchemaLocation="https://maven.apache.org/surefire/maven-surefire-plugin/xsd/surefire-test-report-3.0.xsd" version="3.0" name="projektZajavka2.controller.OrderControllerTest" time="0.833" tests="8" errors="0" skipped="0" failures="0">
  <properties>
[...]
</properties>
  <testcase name="shouldSaveOrder" classname="projektZajavka2.controller.OrderControllerTest" time="0.021">
    <system-out><![CDATA[2024-10-20T23:31:09.618+02:00  INFO 6496 --- [           main] t.c.s.AnnotationConfigContextLoaderUtils : Could not detect default configuration classes for test class [projektZajavka2.controller.OrderControllerTest]: OrderControllerTest does not declare any static, non-private, non-final, nested classes annotated with @Configuration.
2024-10-20T23:31:09.642+02:00  INFO 6496 --- [           main] .b.t.c.SpringBootTestContextBootstrapper : Found @SpringBootConfiguration projektZajavka2.ProjektZajavka2Application for test class projektZajavka2.controller.OrderControllerTest

  .   ____          _            __ _ _
 /\\ / ___'_ __ _ _(_)_ __  __ _ \ \ \ \
( ( )\___ | '_ | '_| | '_ \/ _` | \ \ \ \
 \\/  ___)| |_)| | | | | || (_| |  ) ) ) )
  '  |____| .__|_| |_|_| |_\__, | / / / /
 =========|_|==============|___/=/_/_/_/

 :: Spring Boot ::                (v3.3.3)

2024-10-20T23:31:09.736+02:00  INFO 6496 --- [           main] p.controller.OrderControllerTest         : Starting OrderControllerTest using Java 22.0.1 with PID 6496 (started by L.M in D:\java nauka\projektZajavka2)
2024-10-20T23:31:09.738+02:00  INFO 6496 --- [           main] p.controller.OrderControllerTest         : The following 1 profile is active: "test"
2024-10-20T23:31:10.204+02:00  WARN 6496 --- [           main] .s.s.UserDetailsServiceAutoConfiguration : 

Using generated security password: 42c55e1d-cde5-43d8-b0b3-6c07c7d74627

This generated password is for development use only. Your security configuration must be updated before running your application in production.

2024-10-20T23:31:10.205+02:00  INFO 6496 --- [           main] r$InitializeUserDetailsManagerConfigurer : Global AuthenticationManager configured with UserDetailsService bean with name inMemoryUserDetailsManager
2024-10-20T23:31:10.218+02:00  INFO 6496 --- [           main] o.s.b.t.m.w.SpringBootMockServletContext : Initializing Spring TestDispatcherServlet ''
2024-10-20T23:31:10.218+02:00  INFO 6496 --- [           main] o.s.t.web.servlet.TestDispatcherServlet  : Initializing Servlet ''
2024-10-20T23:31:10.219+02:00  INFO 6496 --- [           main] o.s.t.web.servlet.TestDispatcherServlet  : Completed initialization in 1 ms
2024-10-20T23:31:10.225+02:00  INFO 6496 --- [           main] p.controller.OrderControllerTest         : Started OrderControllerTest in 0.569 seconds (process running for 8.827)
Saved order: Order{id=null, user=null, restaurant=null, orderStatus='PENDING', totalPrice=null, orderDate=2024-10-20T23:31:10.234847700, deliveryAddress='null', orderItems=[]}

MockHttpServletRequest:
      HTTP Method = POST
      Request URI = /orders
       Parameters = {_csrf=[YBrnddeFHG7EELNr8TAx9GufTydS84ln5LwdSGbnjSh_MLgvBimCFODjLFfpJodYxR0Fwln9Yh5kwOpKgN0tKV6BvBhLUYgY]}
          Headers = []
             Body = null
    Session Attrs = {SPRING_SECURITY_CONTEXT=SecurityContextImpl [Authentication=UsernamePasswordAuthenticationToken [Principal=org.springframework.security.core.userdetails.User [Username=user, Password=[PROTECTED], Enabled=true, AccountNonExpired=true, CredentialsNonExpired=true, AccountNonLocked=true, Granted Authorities=[ROLE_USER]], Credentials=[PROTECTED], Authenticated=true, Details=null, Granted Authorities=[ROLE_USER]]]}

Handler:
             Type = projektZajavka2.controller.OrderController
           Method = projektZajavka2.controller.OrderController#saveOrder(Order, BindingResult, Model)

Async:
    Async started = false
     Async result = null

Resolved Exception:
             Type = null

ModelAndView:
        View name = redirect:/orders
             View = null
            Model = null

FlashMap:
       Attributes = null

MockHttpServletResponse:
           Status = 302
    Error message = null
          Headers = [Content-Language:"en", X-Content-Type-Options:"nosniff", X-XSS-Protection:"0", Cache-Control:"no-cache, no-store, max-age=0, must-revalidate", Pragma:"no-cache", Expires:"0", X-Frame-Options:"DENY", Location:"/orders"]
     Content type = null
             Body = 
    Forwarded URL = null
   Redirected URL = /orders
          Cookies = []
]]></system-out>
  </testcase>
  <testcase name="shouldDeleteOrder" classname="projektZajavka2.controller.OrderControllerTest" time="0.014">
    <system-out><![CDATA[
MockHttpServletRequest:
      HTTP Method = DELETE
      Request URI = /orders/delete/1
       Parameters = {_csrf=[W_6xXGOW8Oa9M81M8ngZLAyO_I-1R7kCa9OoLpQyfPC0smxqbZrUbVeuwtCQUPt4x1UtSjS90bfTJN0vWuKeF6RTHZLXgwkL]}
          Headers = []
             Body = null
    Session Attrs = {SPRING_SECURITY_CONTEXT=SecurityContextImpl [Authentication=UsernamePasswordAuthenticationToken [Principal=org.springframework.security.core.userdetails.User [Username=user, Password=[PROTECTED], Enabled=true, AccountNonExpired=true, CredentialsNonExpired=true, AccountNonLocked=true, Granted Authorities=[ROLE_USER]], Credentials=[PROTECTED], Authenticated=true, Details=null, Granted Authorities=[ROLE_USER]]]}

Handler:
             Type = projektZajavka2.controller.OrderController
           Method = projektZajavka2.controller.OrderController#deleteOrder(Long)

Async:
    Async started = false
     Async result = null

Resolved Exception:
             Type = null

ModelAndView:
        View name = redirect:/orders
             View = null
            Model = null

FlashMap:
       Attributes = null

MockHttpServletResponse:
           Status = 302
    Error message = null
          Headers = [Content-Language:"en", X-Content-Type-Options:"nosniff", X-XSS-Protection:"0", Cache-Control:"no-cache, no-store, max-age=0, must-revalidate", Pragma:"no-cache", Expires:"0", X-Frame-Options:"DENY", Location:"/orders"]
     Content type = null
             Body = 
    Forwarded URL = null
   Redirected URL = /orders
          Cookies = []
]]></system-out>
  </testcase>
  <testcase name="shouldShowNewOrderForm" classname="projektZajavka2.controller.OrderControllerTest" time="0.061">
    <system-out><![CDATA[
MockHttpServletRequest:
      HTTP Method = GET
      Request URI = /orders/new
       Parameters = {}
          Headers = []
             Body = null
    Session Attrs = {org.springframework.security.web.csrf.HttpSessionCsrfTokenRepository.CSRF_TOKEN=org.springframework.security.web.csrf.DefaultCsrfToken@63b0aeb1, SPRING_SECURITY_CONTEXT=SecurityContextImpl [Authentication=UsernamePasswordAuthenticationToken [Principal=org.springframework.security.core.userdetails.User [Username=user, Password=[PROTECTED], Enabled=true, AccountNonExpired=true, CredentialsNonExpired=true, AccountNonLocked=true, Granted Authorities=[ROLE_USER]], Credentials=[PROTECTED], Authenticated=true, Details=null, Granted Authorities=[ROLE_USER]]]}

Handler:
             Type = projektZajavka2.controller.OrderController
           Method = projektZajavka2.controller.OrderController#showNewOrderForm(Model)

Async:
    Async started = false
     Async result = null

Resolved Exception:
             Type = null

ModelAndView:
        View name = orders/form
             View = null
        Attribute = order
            value = Order{id=null, user=null, restaurant=null, orderStatus='PENDING', totalPrice=null, orderDate=2024-10-20T23:31:10.279948900, deliveryAddress='null', orderItems=[]}
           errors = []
        Attribute = users
            value = []
        Attribute = restaurants
            value = []

FlashMap:
       Attributes = null

MockHttpServletResponse:
           Status = 200
    Error message = null
          Headers = [Content-Language:"en", Content-Type:"text/html;charset=UTF-8", X-Content-Type-Options:"nosniff", X-XSS-Protection:"0", Cache-Control:"no-cache, no-store, max-age=0, must-revalidate", Pragma:"no-cache", Expires:"0", X-Frame-Options:"DENY"]
     Content type = text/html;charset=UTF-8
             Body = <!DOCTYPE html>
<html>
<head>
    <meta charset="UTF-8">
    <meta name="viewport" content="width=device-width, initial-scale=1.0">
    <title>Create or Edit Order</title>
    <link rel="stylesheet" href="/css/styles.css">
</head>
<body>
<header>
    <h1>Create or Edit Order</h1>
    <nav>
        <ul>
            <li><a href="/orders">Back to Order List</a></li>
        </ul>
    </nav>
</header>

<main>
    <form action="/orders" method="post"><input type="hidden" name="_csrf" value="PRGq4Z49IpIKxqAe7kb73u6a9mtG3Cp7-aDtZ3wsMR1smUMmDnSS1PwKQfYn9sUtj2vP7N342wkluUlWnJOLBUwcByVaqXoQ"/>
        <input type="hidden" name="_csrf" value="PRGq4Z49IpIKxqAe7kb73u6a9mtG3Cp7-aDtZ3wsMR1smUMmDnSS1PwKQfYn9sUtj2vP7N342wkluUlWnJOLBUwcByVaqXoQ"/>

        <!-- Zmienione z 'user.name' na 'user.username' -->
        <label for="user">User:</label>
        <input type="text" id="user" required name="user.username" value="">

        <!-- Restaurant jest poprawne, więc pozostaje bez zmian -->
        <label for="restaurant">Restaurant:</label>
        <input type="text" id="restaurant" required name="restaurant.name" value="">

        <label for="totalPrice">Total Price:</label>
        <input type="number" id="totalPrice" step="0.01" required name="totalPrice" value="">

        <label for="deliveryAddress">Delivery Address:</label>
        <input type="text" id="deliveryAddress" required name="deliveryAddress" value="">

        <!-- Zmienione z 'status' na 'orderStatus' -->
        <label for="status">Status:</label>
        <input type="text" id="status" required name="orderStatus" value="PENDING">

        <button type="submit">Save Order</button>
    </form>
</main>

<footer>
    <p></p>
</footer>
</body>
</html>

    Forwarded URL = null
   Redirected URL = null
          Cookies = []
]]></system-out>
  </testcase>
  <testcase name="shouldReturnOrdersByRestaurantId" classname="projektZajavka2.controller.OrderControllerTest" time="0.037">
    <system-out><![CDATA[
MockHttpServletRequest:
      HTTP Method = GET
      Request URI = /orders/restaurant/1
       Parameters = {}
          Headers = []
             Body = null
    Session Attrs = {org.springframework.security.web.csrf.HttpSessionCsrfTokenRepository.CSRF_TOKEN=org.springframework.security.web.csrf.DefaultCsrfToken@3e02988, SPRING_SECURITY_CONTEXT=SecurityContextImpl [Authentication=UsernamePasswordAuthenticationToken [Principal=org.springframework.security.core.userdetails.User [Username=user, Password=[PROTECTED], Enabled=true, AccountNonExpired=true, CredentialsNonExpired=true, AccountNonLocked=true, Granted Authorities=[ROLE_USER]], Credentials=[PROTECTED], Authenticated=true, Details=null, Granted Authorities=[ROLE_USER]]]}

Handler:
             Type = projektZajavka2.controller.OrderController
           Method = projektZajavka2.controller.OrderController#getOrdersByRestaurantId(Long, Model)

Async:
    Async started = false
     Async result = null

Resolved Exception:
             Type = null

ModelAndView:
        View name = orders/list
             View = null
        Attribute = orders
            value = [Order{id=null, user=null, restaurant=null, orderStatus='PENDING', totalPrice=null, orderDate=2024-10-20T23:31:10.335457900, deliveryAddress='null', orderItems=[]}]

FlashMap:
       Attributes = null

MockHttpServletResponse:
           Status = 200
    Error message = null
          Headers = [Content-Language:"en", Content-Type:"text/html;charset=UTF-8", X-Content-Type-Options:"nosniff", X-XSS-Protection:"0", Cache-Control:"no-cache, no-store, max-age=0, must-revalidate", Pragma:"no-cache", Expires:"0", X-Frame-Options:"DENY"]
     Content type = text/html;charset=UTF-8
             Body = <!DOCTYPE html>
<html>
<head>
    <meta charset="UTF-8">
    <meta name="viewport" content="width=device-width, initial-scale=1.0">
    <title>Order List</title>
    <link rel="stylesheet" href="/css/styles.css"> <!-- Link do własnego pliku CSS -->
</head>
<body>
<header>
    <h1>Order List</h1>
    <nav>
        <ul>
            <li><a href="/orders/new">Create New Order</a></li>
        </ul>
    </nav>
</header>

<main>
    <table>
        <thead>
        <tr>
            <th>ID</th>
            <th>User</th>
            <th>Restaurant</th>
            <th>Total Price</th>
            <th>Status</th>
            <th>Actions</th>
        </tr>
        </thead>
        <tbody>
        <tr>
            <td></td>
            <td>Brak użytkownika</td>
            <td>Brak restauracji</td>
            <td></td>
            <td>PENDING</td>
            <td>
                <a href="/orders/">View</a>
                <form action="/orders/delete/" method="post"
                      onsubmit="return confirm('Are you sure you want to delete this order?');"><input type="hidden" name="_csrf" value="HSdwnLTzFq_Wgw8EZNfZWoWnqFGUzsuEcZZwH_SJWfLs5GKZLBNBq9HGJ5n7s2xnBfrtOebEhWmlrPipQ6ZAK8O8OsKP1VX6"/>
                    <input type="hidden" name="_csrf" value="HSdwnLTzFq_Wgw8EZNfZWoWnqFGUzsuEcZZwH_SJWfLs5GKZLBNBq9HGJ5n7s2xnBfrtOebEhWmlrPipQ6ZAK8O8OsKP1VX6" />
                    <button type="submit">Delete</button>
                </form>
            </td>
        </tr>
        </tbody>

    </table>
</main>

<footer>
    <p></p>
</footer>
</body>
</html>

    Forwarded URL = null
   Redirected URL = null
          Cookies = []
]]></system-out>
  </testcase>
  <testcase name="shouldReturnAllOrders" classname="projektZajavka2.controller.OrderControllerTest" time="0.014">
    <system-out><![CDATA[
MockHttpServletRequest:
      HTTP Method = GET
      Request URI = /orders
       Parameters = {}
          Headers = []
             Body = null
    Session Attrs = {org.springframework.security.web.csrf.HttpSessionCsrfTokenRepository.CSRF_TOKEN=org.springframework.security.web.csrf.DefaultCsrfToken@7882379b, SPRING_SECURITY_CONTEXT=SecurityContextImpl [Authentication=UsernamePasswordAuthenticationToken [Principal=org.springframework.security.core.userdetails.User [Username=user, Password=[PROTECTED], Enabled=true, AccountNonExpired=true, CredentialsNonExpired=true, AccountNonLocked=true, Granted Authorities=[ROLE_USER]], Credentials=[PROTECTED], Authenticated=true, Details=null, Granted Authorities=[ROLE_USER]]]}

Handler:
             Type = projektZajavka2.controller.OrderController
           Method = projektZajavka2.controller.OrderController#getAllOrders(Model)

Async:
    Async started = false
     Async result = null

Resolved Exception:
             Type = null

ModelAndView:
        View name = orders/list
             View = null
        Attribute = orders
            value = [Order{id=null, user=null, restaurant=null, orderStatus='PENDING', totalPrice=null, orderDate=2024-10-20T23:31:10.376125600, deliveryAddress='null', orderItems=[]}]

FlashMap:
       Attributes = null

MockHttpServletResponse:
           Status = 200
    Error message = null
          Headers = [Content-Language:"en", Content-Type:"text/html;charset=UTF-8", X-Content-Type-Options:"nosniff", X-XSS-Protection:"0", Cache-Control:"no-cache, no-store, max-age=0, must-revalidate", Pragma:"no-cache", Expires:"0", X-Frame-Options:"DENY"]
     Content type = text/html;charset=UTF-8
             Body = <!DOCTYPE html>
<html>
<head>
    <meta charset="UTF-8">
    <meta name="viewport" content="width=device-width, initial-scale=1.0">
    <title>Order List</title>
    <link rel="stylesheet" href="/css/styles.css"> <!-- Link do własnego pliku CSS -->
</head>
<body>
<header>
    <h1>Order List</h1>
    <nav>
        <ul>
            <li><a href="/orders/new">Create New Order</a></li>
        </ul>
    </nav>
</header>

<main>
    <table>
        <thead>
        <tr>
            <th>ID</th>
            <th>User</th>
            <th>Restaurant</th>
            <th>Total Price</th>
            <th>Status</th>
            <th>Actions</th>
        </tr>
        </thead>
        <tbody>
        <tr>
            <td></td>
            <td>Brak użytkownika</td>
            <td>Brak restauracji</td>
            <td></td>
            <td>PENDING</td>
            <td>
                <a href="/orders/">View</a>
                <form action="/orders/delete/" method="post"
                      onsubmit="return confirm('Are you sure you want to delete this order?');"><input type="hidden" name="_csrf" value="Mu7_GlBjlJpmJHV1DOiiOSgqGzNGVft-YNCnnNAU4Hvj01phBNeeeTJW8PtLRxMXNcWWXxsTNlIlNs9TBLTErbRyhkPWsm0D"/>
                    <input type="hidden" name="_csrf" value="Mu7_GlBjlJpmJHV1DOiiOSgqGzNGVft-YNCnnNAU4Hvj01phBNeeeTJW8PtLRxMXNcWWXxsTNlIlNs9TBLTErbRyhkPWsm0D" />
                    <button type="submit">Delete</button>
                </form>
            </td>
        </tr>
        </tbody>

    </table>
</main>

<footer>
    <p></p>
</footer>
</body>
</html>

    Forwarded URL = null
   Redirected URL = null
          Cookies = []
]]></system-out>
  </testcase>
  <testcase name="shouldReturnOrderById" classname="projektZajavka2.controller.OrderControllerTest" time="0.03">
    <system-out><![CDATA[
MockHttpServletRequest:
      HTTP Method = GET
      Request URI = /orders/1
       Parameters = {}
          Headers = []
             Body = null
    Session Attrs = {org.springframework.security.web.csrf.HttpSessionCsrfTokenRepository.CSRF_TOKEN=org.springframework.security.web.csrf.DefaultCsrfToken@6ac9742e, SPRING_SECURITY_CONTEXT=SecurityContextImpl [Authentication=UsernamePasswordAuthenticationToken [Principal=org.springframework.security.core.userdetails.User [Username=user, Password=[PROTECTED], Enabled=true, AccountNonExpired=true, CredentialsNonExpired=true, AccountNonLocked=true, Granted Authorities=[ROLE_USER]], Credentials=[PROTECTED], Authenticated=true, Details=null, Granted Authorities=[ROLE_USER]]]}

Handler:
             Type = projektZajavka2.controller.OrderController
           Method = projektZajavka2.controller.OrderController#getOrderById(Long, Model, HttpServletResponse)

Async:
    Async started = false
     Async result = null

Resolved Exception:
             Type = null

ModelAndView:
        View name = orders/view
             View = null
        Attribute = order
            value = Order{id=null, user=null, restaurant=null, orderStatus='PENDING', totalPrice=null, orderDate=2024-10-20T23:31:10.389124, deliveryAddress='null', orderItems=[]}
           errors = []

FlashMap:
       Attributes = null

MockHttpServletResponse:
           Status = 200
    Error message = null
          Headers = [Content-Language:"en", Content-Type:"text/html;charset=UTF-8", X-Content-Type-Options:"nosniff", X-XSS-Protection:"0", Cache-Control:"no-cache, no-store, max-age=0, must-revalidate", Pragma:"no-cache", Expires:"0", X-Frame-Options:"DENY"]
     Content type = text/html;charset=UTF-8
             Body = <!DOCTYPE html>
<html>
<head>
    <meta charset="UTF-8">
    <meta name="viewport" content="width=device-width, initial-scale=1.0">
    <title>Order Details</title>
    <link rel="stylesheet" href="/css/styles.css">
</head>
<body>
<header>
    <h1>Order Details</h1>
    <nav>
        <ul>
            <li><a href="/orders">Back to Order List</a></li>
        </ul>
    </nav>
</header>

<main>
    <div>
        <p><strong>ID:</strong> <span></span></p>
        <p><strong>User:</strong> <span>Brak użytkownika</span></p>
        <p><strong>Restaurant:</strong> <span>Brak restauracji</span></p>
        <p><strong>Total Price:</strong> <span></span></p>
        <p><strong>Status:</strong> <span>PENDING</span></p>
        <h3>Ordered Items:</h3>
        <ul>
            <h3>Ordered Items:</h3>
            
            <p>No items ordered.</p>

        </ul>
    </div>

    <div>
        <a href="/orders/edit/">Edit Order</a>
        <form action="/orders/delete/" method="post" onsubmit="return confirm('Are you sure you want to delete this order?');"><input type="hidden" name="_csrf" value="f62IWKE0hb5YdkYzvmOCAlM--KriioLLJORNnnPmWFbg8i5DSMy-bsAEst91QSMB2062ZmZd1ciHuOTmR9d4_RCAamDWxEgn"/>
            <input type="hidden" name="_csrf" value="f62IWKE0hb5YdkYzvmOCAlM--KriioLLJORNnnPmWFbg8i5DSMy-bsAEst91QSMB2062ZmZd1ciHuOTmR9d4_RCAamDWxEgn" />
            <button type="submit">Delete Order</button>
        </form>
    </div>
</main>

<footer>
    <p></p>
</footer>
</body>
</html>

    Forwarded URL = null
   Redirected URL = null
          Cookies = []
]]></system-out>
  </testcase>
  <testcase name="shouldReturn404WhenOrderNotFound" classname="projektZajavka2.controller.OrderControllerTest" time="0.01">
    <system-out><![CDATA[
MockHttpServletRequest:
      HTTP Method = GET
      Request URI = /orders/1
       Parameters = {}
          Headers = []
             Body = null
    Session Attrs = {SPRING_SECURITY_CONTEXT=SecurityContextImpl [Authentication=UsernamePasswordAuthenticationToken [Principal=org.springframework.security.core.userdetails.User [Username=user, Password=[PROTECTED], Enabled=true, AccountNonExpired=true, CredentialsNonExpired=true, AccountNonLocked=true, Granted Authorities=[ROLE_USER]], Credentials=[PROTECTED], Authenticated=true, Details=null, Granted Authorities=[ROLE_USER]]]}

Handler:
             Type = projektZajavka2.controller.OrderController
           Method = projektZajavka2.controller.OrderController#getOrderById(Long, Model, HttpServletResponse)

Async:
    Async started = false
     Async result = null

Resolved Exception:
             Type = null

ModelAndView:
        View name = error/404
             View = null
        Attribute = error
            value = Menu item not found

FlashMap:
       Attributes = null

MockHttpServletResponse:
           Status = 404
    Error message = null
          Headers = [Content-Language:"en", Content-Type:"text/html;charset=UTF-8", X-Content-Type-Options:"nosniff", X-XSS-Protection:"0", Cache-Control:"no-cache, no-store, max-age=0, must-revalidate", Pragma:"no-cache", Expires:"0", X-Frame-Options:"DENY"]
     Content type = text/html;charset=UTF-8
             Body = <!DOCTYPE html>
<html lang="en">
<head>
    <meta charset="UTF-8">
    <meta name="viewport" content="width=device-width, initial-scale=1.0">
    <title>404 Not Found</title>
</head>
<body>
<h1>404 Not Found</h1>
<p>Sorry, the page you are looking for does not exist.</p>
</body>
</html>

    Forwarded URL = null
   Redirected URL = null
          Cookies = []
]]></system-out>
  </testcase>
  <testcase name="shouldReturnOrdersByUserId" classname="projektZajavka2.controller.OrderControllerTest" time="0.016">
    <system-out><![CDATA[
MockHttpServletRequest:
      HTTP Method = GET
      Request URI = /orders/user/1
       Parameters = {}
          Headers = []
             Body = null
    Session Attrs = {org.springframework.security.web.csrf.HttpSessionCsrfTokenRepository.CSRF_TOKEN=org.springframework.security.web.csrf.DefaultCsrfToken@69780093, SPRING_SECURITY_CONTEXT=SecurityContextImpl [Authentication=UsernamePasswordAuthenticationToken [Principal=org.springframework.security.core.userdetails.User [Username=user, Password=[PROTECTED], Enabled=true, AccountNonExpired=true, CredentialsNonExpired=true, AccountNonLocked=true, Granted Authorities=[ROLE_USER]], Credentials=[PROTECTED], Authenticated=true, Details=null, Granted Authorities=[ROLE_USER]]]}

Handler:
             Type = projektZajavka2.controller.OrderController
           Method = projektZajavka2.controller.OrderController#getOrdersByUserId(Long, Model)

Async:
    Async started = false
     Async result = null

Resolved Exception:
             Type = null

ModelAndView:
        View name = orders/list
             View = null
        Attribute = orders
            value = [Order{id=null, user=null, restaurant=null, orderStatus='PENDING', totalPrice=null, orderDate=2024-10-20T23:31:10.434124300, deliveryAddress='null', orderItems=[]}]

FlashMap:
       Attributes = null

MockHttpServletResponse:
           Status = 200
    Error message = null
          Headers = [Content-Language:"en", Content-Type:"text/html;charset=UTF-8", X-Content-Type-Options:"nosniff", X-XSS-Protection:"0", Cache-Control:"no-cache, no-store, max-age=0, must-revalidate", Pragma:"no-cache", Expires:"0", X-Frame-Options:"DENY"]
     Content type = text/html;charset=UTF-8
             Body = <!DOCTYPE html>
<html>
<head>
    <meta charset="UTF-8">
    <meta name="viewport" content="width=device-width, initial-scale=1.0">
    <title>Order List</title>
    <link rel="stylesheet" href="/css/styles.css"> <!-- Link do własnego pliku CSS -->
</head>
<body>
<header>
    <h1>Order List</h1>
    <nav>
        <ul>
            <li><a href="/orders/new">Create New Order</a></li>
        </ul>
    </nav>
</header>

<main>
    <table>
        <thead>
        <tr>
            <th>ID</th>
            <th>User</th>
            <th>Restaurant</th>
            <th>Total Price</th>
            <th>Status</th>
            <th>Actions</th>
        </tr>
        </thead>
        <tbody>
        <tr>
            <td></td>
            <td>Brak użytkownika</td>
            <td>Brak restauracji</td>
            <td></td>
            <td>PENDING</td>
            <td>
                <a href="/orders/">View</a>
                <form action="/orders/delete/" method="post"
                      onsubmit="return confirm('Are you sure you want to delete this order?');"><input type="hidden" name="_csrf" value="gQiWE-xvx-WzBPLqRShKyH50AcDnY6ihPS_g69ukKPIz166stD-kJt4L_9yePMDbcAV-rhxMLPjfWpuMWRmFje2THMEF45eY"/>
                    <input type="hidden" name="_csrf" value="gQiWE-xvx-WzBPLqRShKyH50AcDnY6ihPS_g69ukKPIz166stD-kJt4L_9yePMDbcAV-rhxMLPjfWpuMWRmFje2THMEF45eY" />
                    <button type="submit">Delete</button>
                </form>
            </td>
        </tr>
        </tbody>

    </table>
</main>

<footer>
    <p></p>
</footer>
</body>
</html>

    Forwarded URL = null
   Redirected URL = null
          Cookies = []
]]></system-out>
  </testcase>
</testsuite>