<?xml version="1.0" encoding="UTF-8"?>
<testsuite xmlns:xsi="http://www.w3.org/2001/XMLSchema-instance" xsi:noNamespaceSchemaLocation="https://maven.apache.org/surefire/maven-surefire-plugin/xsd/surefire-test-report-3.0.xsd" version="3.0" name="projektZajavka2.repository.CategoryRepositoryTest" time="0.767" tests="4" errors="0" skipped="0" failures="0">
  <properties>
[...]
</properties>
  <testcase name="whenSaveCategory_thenCategoryShouldBeSaved" classname="projektZajavka2.repository.CategoryRepositoryTest" time="0.059">
    <system-out><![CDATA[2024-10-20T23:31:22.293+02:00  INFO 6496 --- [           main] t.c.s.AnnotationConfigContextLoaderUtils : Could not detect default configuration classes for test class [projektZajavka2.repository.CategoryRepositoryTest]: CategoryRepositoryTest does not declare any static, non-private, non-final, nested classes annotated with @Configuration.
2024-10-20T23:31:22.310+02:00  INFO 6496 --- [           main] .b.t.c.SpringBootTestContextBootstrapper : Found @SpringBootConfiguration projektZajavka2.ProjektZajavka2Application for test class projektZajavka2.repository.CategoryRepositoryTest

  .   ____          _            __ _ _
 /\\ / ___'_ __ _ _(_)_ __  __ _ \ \ \ \
( ( )\___ | '_ | '_| | '_ \/ _` | \ \ \ \
 \\/  ___)| |_)| | | | | || (_| |  ) ) ) )
  '  |____| .__|_| |_|_| |_\__, | / / / /
 =========|_|==============|___/=/_/_/_/

 :: Spring Boot ::                (v3.3.3)

2024-10-20T23:31:22.349+02:00  INFO 6496 --- [           main] p.repository.CategoryRepositoryTest      : Starting CategoryRepositoryTest using Java 22.0.1 with PID 6496 (started by L.M in D:\java nauka\projektZajavka2)
2024-10-20T23:31:22.349+02:00  INFO 6496 --- [           main] p.repository.CategoryRepositoryTest      : The following 1 profile is active: "test"
2024-10-20T23:31:22.476+02:00  INFO 6496 --- [           main] .s.d.r.c.RepositoryConfigurationDelegate : Bootstrapping Spring Data JPA repositories in DEFAULT mode.
2024-10-20T23:31:22.498+02:00  INFO 6496 --- [           main] .s.d.r.c.RepositoryConfigurationDelegate : Finished Spring Data repository scanning in 21 ms. Found 9 JPA repository interfaces.
2024-10-20T23:31:22.514+02:00  INFO 6496 --- [           main] beddedDataSourceBeanFactoryPostProcessor : Replacing 'dataSource' DataSource bean with embedded version
2024-10-20T23:31:22.549+02:00  INFO 6496 --- [           main] o.s.j.d.e.EmbeddedDatabaseFactory        : Starting embedded database: url='jdbc:h2:mem:57095faa-a941-4231-a158-b3212d90468a;DB_CLOSE_DELAY=-1;DB_CLOSE_ON_EXIT=false', username='sa'
2024-10-20T23:31:22.574+02:00  INFO 6496 --- [           main] o.hibernate.jpa.internal.util.LogHelper  : HHH000204: Processing PersistenceUnitInfo [name: default]
2024-10-20T23:31:22.592+02:00  INFO 6496 --- [           main] o.h.c.internal.RegionFactoryInitiator    : HHH000026: Second-level cache disabled
2024-10-20T23:31:22.635+02:00  INFO 6496 --- [           main] o.s.o.j.p.SpringPersistenceUnitInfo      : No LoadTimeWeaver setup: ignoring JPA class transformer
2024-10-20T23:31:22.638+02:00  WARN 6496 --- [           main] org.hibernate.orm.deprecation            : HHH90000025: H2Dialect does not need to be specified explicitly using 'hibernate.dialect' (remove the property setting and it will be selected by default)
2024-10-20T23:31:22.863+02:00  INFO 6496 --- [           main] o.h.e.t.j.p.i.JtaPlatformInitiator       : HHH000489: No JTA platform available (set 'hibernate.transaction.jta.platform' to enable JTA platform integration)
2024-10-20T23:31:22.863+02:00 DEBUG 6496 --- [           main] org.hibernate.SQL                        : 
    drop table if exists categories cascade 
Hibernate: 
    drop table if exists categories cascade 
2024-10-20T23:31:22.864+02:00 DEBUG 6496 --- [           main] org.hibernate.SQL                        : 
    drop table if exists delivery_areas cascade 
Hibernate: 
    drop table if exists delivery_areas cascade 
2024-10-20T23:31:22.864+02:00 DEBUG 6496 --- [           main] org.hibernate.SQL                        : 
    drop table if exists menu_item_categories cascade 
Hibernate: 
    drop table if exists menu_item_categories cascade 
2024-10-20T23:31:22.864+02:00 DEBUG 6496 --- [           main] org.hibernate.SQL                        : 
    drop table if exists menu_items cascade 
Hibernate: 
    drop table if exists menu_items cascade 
2024-10-20T23:31:22.864+02:00 DEBUG 6496 --- [           main] org.hibernate.SQL                        : 
    drop table if exists order_items cascade 
Hibernate: 
    drop table if exists order_items cascade 
2024-10-20T23:31:22.865+02:00 DEBUG 6496 --- [           main] org.hibernate.SQL                        : 
    drop table if exists orders cascade 
Hibernate: 
    drop table if exists orders cascade 
2024-10-20T23:31:22.865+02:00 DEBUG 6496 --- [           main] org.hibernate.SQL                        : 
    drop table if exists restaurant_owners cascade 
Hibernate: 
    drop table if exists restaurant_owners cascade 
2024-10-20T23:31:22.865+02:00 DEBUG 6496 --- [           main] org.hibernate.SQL                        : 
    drop table if exists restaurants cascade 
Hibernate: 
    drop table if exists restaurants cascade 
2024-10-20T23:31:22.865+02:00 DEBUG 6496 --- [           main] org.hibernate.SQL                        : 
    drop table if exists roles cascade 
Hibernate: 
    drop table if exists roles cascade 
2024-10-20T23:31:22.865+02:00 DEBUG 6496 --- [           main] org.hibernate.SQL                        : 
    drop table if exists user_roles cascade 
Hibernate: 
    drop table if exists user_roles cascade 
2024-10-20T23:31:22.865+02:00 DEBUG 6496 --- [           main] org.hibernate.SQL                        : 
    drop table if exists users cascade 
Hibernate: 
    drop table if exists users cascade 
2024-10-20T23:31:22.866+02:00 DEBUG 6496 --- [           main] org.hibernate.SQL                        : 
    create table categories (
        id bigint generated by default as identity,
        name varchar(50) not null unique,
        primary key (id)
    )
Hibernate: 
    create table categories (
        id bigint generated by default as identity,
        name varchar(50) not null unique,
        primary key (id)
    )
2024-10-20T23:31:22.867+02:00 DEBUG 6496 --- [           main] org.hibernate.SQL                        : 
    create table delivery_areas (
        id bigint generated by default as identity,
        restaurant_id bigint not null,
        street_name varchar(255),
        primary key (id)
    )
Hibernate: 
    create table delivery_areas (
        id bigint generated by default as identity,
        restaurant_id bigint not null,
        street_name varchar(255),
        primary key (id)
    )
2024-10-20T23:31:22.867+02:00 DEBUG 6496 --- [           main] org.hibernate.SQL                        : 
    create table menu_item_categories (
        category_id bigint not null,
        id bigint generated by default as identity,
        menu_item_id bigint not null,
        primary key (id)
    )
Hibernate: 
    create table menu_item_categories (
        category_id bigint not null,
        id bigint generated by default as identity,
        menu_item_id bigint not null,
        primary key (id)
    )
2024-10-20T23:31:22.868+02:00 DEBUG 6496 --- [           main] org.hibernate.SQL                        : 
    create table menu_items (
        price numeric(10,2) not null,
        created_at timestamp(6),
        id bigint generated by default as identity,
        restaurant_id bigint not null,
        name varchar(100) not null,
        description TEXT,
        image_url varchar(255),
        primary key (id)
    )
Hibernate: 
    create table menu_items (
        price numeric(10,2) not null,
        created_at timestamp(6),
        id bigint generated by default as identity,
        restaurant_id bigint not null,
        name varchar(100) not null,
        description TEXT,
        image_url varchar(255),
        primary key (id)
    )
2024-10-20T23:31:22.869+02:00 DEBUG 6496 --- [           main] org.hibernate.SQL                        : 
    create table order_items (
        price numeric(10,2) not null,
        quantity integer not null,
        id bigint generated by default as identity,
        menu_item_id bigint not null,
        order_id bigint not null,
        primary key (id)
    )
Hibernate: 
    create table order_items (
        price numeric(10,2) not null,
        quantity integer not null,
        id bigint generated by default as identity,
        menu_item_id bigint not null,
        order_id bigint not null,
        primary key (id)
    )
2024-10-20T23:31:22.869+02:00 DEBUG 6496 --- [           main] org.hibernate.SQL                        : 
    create table orders (
        total_price numeric(10,2),
        id bigint generated by default as identity,
        order_date timestamp(6),
        restaurant_id bigint not null,
        user_id bigint not null,
        order_status varchar(50),
        delivery_address varchar(255),
        primary key (id)
    )
Hibernate: 
    create table orders (
        total_price numeric(10,2),
        id bigint generated by default as identity,
        order_date timestamp(6),
        restaurant_id bigint not null,
        user_id bigint not null,
        order_status varchar(50),
        delivery_address varchar(255),
        primary key (id)
    )
2024-10-20T23:31:22.870+02:00 DEBUG 6496 --- [           main] org.hibernate.SQL                        : 
    create table restaurant_owners (
        created_at timestamp(6) not null,
        id bigint generated by default as identity,
        phone_number varchar(15),
        email varchar(100) not null,
        name varchar(100) not null,
        primary key (id)
    )
Hibernate: 
    create table restaurant_owners (
        created_at timestamp(6) not null,
        id bigint generated by default as identity,
        phone_number varchar(15),
        email varchar(100) not null,
        name varchar(100) not null,
        primary key (id)
    )
2024-10-20T23:31:22.870+02:00 DEBUG 6496 --- [           main] org.hibernate.SQL                        : 
    create table restaurants (
        created_at timestamp(6) not null,
        id bigint generated by default as identity,
        owner_id bigint,
        phone_number varchar(15),
        email varchar(100),
        name varchar(100) not null,
        address varchar(255) not null,
        description TEXT,
        primary key (id)
    )
Hibernate: 
    create table restaurants (
        created_at timestamp(6) not null,
        id bigint generated by default as identity,
        owner_id bigint,
        phone_number varchar(15),
        email varchar(100),
        name varchar(100) not null,
        address varchar(255) not null,
        description TEXT,
        primary key (id)
    )
2024-10-20T23:31:22.871+02:00 DEBUG 6496 --- [           main] org.hibernate.SQL                        : 
    create table roles (
        id bigint generated by default as identity,
        name varchar(50) not null unique,
        primary key (id)
    )
Hibernate: 
    create table roles (
        id bigint generated by default as identity,
        name varchar(50) not null unique,
        primary key (id)
    )
2024-10-20T23:31:22.872+02:00 DEBUG 6496 --- [           main] org.hibernate.SQL                        : 
    create table user_roles (
        id bigint generated by default as identity,
        role_id bigint not null,
        user_id bigint not null,
        primary key (id)
    )
Hibernate: 
    create table user_roles (
        id bigint generated by default as identity,
        role_id bigint not null,
        user_id bigint not null,
        primary key (id)
    )
2024-10-20T23:31:22.873+02:00 DEBUG 6496 --- [           main] org.hibernate.SQL                        : 
    create table users (
        created_at timestamp(6) not null,
        id bigint generated by default as identity,
        phone_number varchar(15),
        first_name varchar(50),
        last_name varchar(50),
        username varchar(50) not null unique,
        email varchar(100) not null unique,
        password varchar(100) not null,
        address varchar(255),
        primary key (id)
    )
Hibernate: 
    create table users (
        created_at timestamp(6) not null,
        id bigint generated by default as identity,
        phone_number varchar(15),
        first_name varchar(50),
        last_name varchar(50),
        username varchar(50) not null unique,
        email varchar(100) not null unique,
        password varchar(100) not null,
        address varchar(255),
        primary key (id)
    )
2024-10-20T23:31:22.874+02:00 DEBUG 6496 --- [           main] org.hibernate.SQL                        : 
    alter table if exists delivery_areas 
       add constraint FKm7lqoec37kaa5j2bnfnb6il69 
       foreign key (restaurant_id) 
       references restaurants
Hibernate: 
    alter table if exists delivery_areas 
       add constraint FKm7lqoec37kaa5j2bnfnb6il69 
       foreign key (restaurant_id) 
       references restaurants
2024-10-20T23:31:22.875+02:00 DEBUG 6496 --- [           main] org.hibernate.SQL                        : 
    alter table if exists menu_item_categories 
       add constraint FK6gr2b4s3iadfsgtsln9p07fon 
       foreign key (category_id) 
       references categories
Hibernate: 
    alter table if exists menu_item_categories 
       add constraint FK6gr2b4s3iadfsgtsln9p07fon 
       foreign key (category_id) 
       references categories
2024-10-20T23:31:22.876+02:00 DEBUG 6496 --- [           main] org.hibernate.SQL                        : 
    alter table if exists menu_item_categories 
       add constraint FK9nilucarxihv4wa9vjstm9quq 
       foreign key (menu_item_id) 
       references menu_items
Hibernate: 
    alter table if exists menu_item_categories 
       add constraint FK9nilucarxihv4wa9vjstm9quq 
       foreign key (menu_item_id) 
       references menu_items
2024-10-20T23:31:22.877+02:00 DEBUG 6496 --- [           main] org.hibernate.SQL                        : 
    alter table if exists menu_items 
       add constraint FKhaqtoboitpl0n541y0sc753my 
       foreign key (restaurant_id) 
       references restaurants
Hibernate: 
    alter table if exists menu_items 
       add constraint FKhaqtoboitpl0n541y0sc753my 
       foreign key (restaurant_id) 
       references restaurants
2024-10-20T23:31:22.877+02:00 DEBUG 6496 --- [           main] org.hibernate.SQL                        : 
    alter table if exists order_items 
       add constraint FKdtfg1f49yr5yye2fpl2xid2xo 
       foreign key (menu_item_id) 
       references menu_items
Hibernate: 
    alter table if exists order_items 
       add constraint FKdtfg1f49yr5yye2fpl2xid2xo 
       foreign key (menu_item_id) 
       references menu_items
2024-10-20T23:31:22.878+02:00 DEBUG 6496 --- [           main] org.hibernate.SQL                        : 
    alter table if exists order_items 
       add constraint FKbioxgbv59vetrxe0ejfubep1w 
       foreign key (order_id) 
       references orders
Hibernate: 
    alter table if exists order_items 
       add constraint FKbioxgbv59vetrxe0ejfubep1w 
       foreign key (order_id) 
       references orders
2024-10-20T23:31:22.879+02:00 DEBUG 6496 --- [           main] org.hibernate.SQL                        : 
    alter table if exists orders 
       add constraint FK2m9qulf12xm537bku3jnrrbup 
       foreign key (restaurant_id) 
       references restaurants
Hibernate: 
    alter table if exists orders 
       add constraint FK2m9qulf12xm537bku3jnrrbup 
       foreign key (restaurant_id) 
       references restaurants
2024-10-20T23:31:22.880+02:00 DEBUG 6496 --- [           main] org.hibernate.SQL                        : 
    alter table if exists orders 
       add constraint FK32ql8ubntj5uh44ph9659tiih 
       foreign key (user_id) 
       references users
Hibernate: 
    alter table if exists orders 
       add constraint FK32ql8ubntj5uh44ph9659tiih 
       foreign key (user_id) 
       references users
2024-10-20T23:31:22.880+02:00 DEBUG 6496 --- [           main] org.hibernate.SQL                        : 
    alter table if exists restaurants 
       add constraint FKm3p0u8w6vv8wps5a1inobchks 
       foreign key (owner_id) 
       references restaurant_owners
Hibernate: 
    alter table if exists restaurants 
       add constraint FKm3p0u8w6vv8wps5a1inobchks 
       foreign key (owner_id) 
       references restaurant_owners
2024-10-20T23:31:22.881+02:00 DEBUG 6496 --- [           main] org.hibernate.SQL                        : 
    alter table if exists user_roles 
       add constraint FKh8ciramu9cc9q3qcqiv4ue8a6 
       foreign key (role_id) 
       references roles
Hibernate: 
    alter table if exists user_roles 
       add constraint FKh8ciramu9cc9q3qcqiv4ue8a6 
       foreign key (role_id) 
       references roles
2024-10-20T23:31:22.882+02:00 DEBUG 6496 --- [           main] org.hibernate.SQL                        : 
    alter table if exists user_roles 
       add constraint FKhfh9dx7w3ubf1co1vdev94g3f 
       foreign key (user_id) 
       references users
Hibernate: 
    alter table if exists user_roles 
       add constraint FKhfh9dx7w3ubf1co1vdev94g3f 
       foreign key (user_id) 
       references users
2024-10-20T23:31:22.884+02:00  INFO 6496 --- [           main] j.LocalContainerEntityManagerFactoryBean : Initialized JPA EntityManagerFactory for persistence unit 'default'
2024-10-20T23:31:22.965+02:00  INFO 6496 --- [           main] p.repository.CategoryRepositoryTest      : Started CategoryRepositoryTest in 0.653 seconds (process running for 21.566)
2024-10-20T23:31:22.969+02:00 DEBUG 6496 --- [           main] org.hibernate.SQL                        : 
    insert 
    into
        categories
        (name, id) 
    values
        (?, default)
Hibernate: 
    insert 
    into
        categories
        (name, id) 
    values
        (?, default)
2024-10-20T23:31:22.971+02:00 DEBUG 6496 --- [           main] org.hibernate.SQL                        : 
    insert 
    into
        categories
        (name, id) 
    values
        (?, default)
Hibernate: 
    insert 
    into
        categories
        (name, id) 
    values
        (?, default)
2024-10-20T23:31:22.972+02:00 DEBUG 6496 --- [           main] org.hibernate.SQL                        : 
    insert 
    into
        categories
        (name, id) 
    values
        (?, default)
Hibernate: 
    insert 
    into
        categories
        (name, id) 
    values
        (?, default)
2024-10-20T23:31:22.973+02:00 DEBUG 6496 --- [           main] org.hibernate.SQL                        : 
    insert 
    into
        categories
        (name, id) 
    values
        (?, default)
Hibernate: 
    insert 
    into
        categories
        (name, id) 
    values
        (?, default)
]]></system-out>
  </testcase>
  <testcase name="whenDeleteCategory_thenCategoryShouldBeDeleted" classname="projektZajavka2.repository.CategoryRepositoryTest" time="0.007">
    <system-out><![CDATA[2024-10-20T23:31:23.027+02:00 DEBUG 6496 --- [           main] org.hibernate.SQL                        : 
    insert 
    into
        categories
        (name, id) 
    values
        (?, default)
Hibernate: 
    insert 
    into
        categories
        (name, id) 
    values
        (?, default)
2024-10-20T23:31:23.029+02:00 DEBUG 6496 --- [           main] org.hibernate.SQL                        : 
    insert 
    into
        categories
        (name, id) 
    values
        (?, default)
Hibernate: 
    insert 
    into
        categories
        (name, id) 
    values
        (?, default)
2024-10-20T23:31:23.029+02:00 DEBUG 6496 --- [           main] org.hibernate.SQL                        : 
    insert 
    into
        categories
        (name, id) 
    values
        (?, default)
Hibernate: 
    insert 
    into
        categories
        (name, id) 
    values
        (?, default)
2024-10-20T23:31:23.030+02:00 DEBUG 6496 --- [           main] org.hibernate.SQL                        : 
    insert 
    into
        categories
        (name, id) 
    values
        (?, default)
Hibernate: 
    insert 
    into
        categories
        (name, id) 
    values
        (?, default)
]]></system-out>
  </testcase>
  <testcase name="whenFindAll_thenReturnCategories" classname="projektZajavka2.repository.CategoryRepositoryTest" time="0.015">
    <system-out><![CDATA[2024-10-20T23:31:23.034+02:00 DEBUG 6496 --- [           main] org.hibernate.SQL                        : 
    insert 
    into
        categories
        (name, id) 
    values
        (?, default)
Hibernate: 
    insert 
    into
        categories
        (name, id) 
    values
        (?, default)
2024-10-20T23:31:23.035+02:00 DEBUG 6496 --- [           main] org.hibernate.SQL                        : 
    insert 
    into
        categories
        (name, id) 
    values
        (?, default)
Hibernate: 
    insert 
    into
        categories
        (name, id) 
    values
        (?, default)
2024-10-20T23:31:23.036+02:00 DEBUG 6496 --- [           main] org.hibernate.SQL                        : 
    insert 
    into
        categories
        (name, id) 
    values
        (?, default)
Hibernate: 
    insert 
    into
        categories
        (name, id) 
    values
        (?, default)
2024-10-20T23:31:23.038+02:00 DEBUG 6496 --- [           main] org.hibernate.SQL                        : 
    select
        c1_0.id,
        c1_0.name 
    from
        categories c1_0
Hibernate: 
    select
        c1_0.id,
        c1_0.name 
    from
        categories c1_0
]]></system-out>
  </testcase>
  <testcase name="whenFindById_thenReturnCategory" classname="projektZajavka2.repository.CategoryRepositoryTest" time="0.009">
    <system-out><![CDATA[2024-10-20T23:31:23.050+02:00 DEBUG 6496 --- [           main] org.hibernate.SQL                        : 
    insert 
    into
        categories
        (name, id) 
    values
        (?, default)
Hibernate: 
    insert 
    into
        categories
        (name, id) 
    values
        (?, default)
2024-10-20T23:31:23.053+02:00 DEBUG 6496 --- [           main] org.hibernate.SQL                        : 
    insert 
    into
        categories
        (name, id) 
    values
        (?, default)
Hibernate: 
    insert 
    into
        categories
        (name, id) 
    values
        (?, default)
2024-10-20T23:31:23.053+02:00 DEBUG 6496 --- [           main] org.hibernate.SQL                        : 
    insert 
    into
        categories
        (name, id) 
    values
        (?, default)
Hibernate: 
    insert 
    into
        categories
        (name, id) 
    values
        (?, default)
]]></system-out>
  </testcase>
</testsuite>